2020-09-21 09:32:24 com.etc.flower.serviceImpl.UserServiceImpl.getOne(UserServiceImpl.java:70) UserServiceImpl.java DEBUG 一朵花详情No value specified for parameter 1
2020-09-22 09:44:36 com.etc.flower.serviceImpl.UserServiceImpl.addCar(UserServiceImpl.java:89) UserServiceImpl.java DEBUG 一朵花详情No value specified for parameter 1
2020-09-28 10:14:41 com.etc.flower.serviceImpl.UserServiceImpl.getOrder(UserServiceImpl.java:324) UserServiceImpl.java DEBUG 
2020-09-28 10:16:36 com.etc.flower.serviceImpl.UserServiceImpl.getOrder(UserServiceImpl.java:324) UserServiceImpl.java DEBUG 
2020-09-28 10:18:10 com.etc.flower.serviceImpl.UserServiceImpl.getOrder(UserServiceImpl.java:324) UserServiceImpl.java DEBUG 
2020-09-28 10:28:17 com.etc.flower.serviceImpl.UserServiceImpl.getOrder(UserServiceImpl.java:324) UserServiceImpl.java DEBUG 
2020-09-28 10:30:08 com.etc.flower.serviceImpl.UserServiceImpl.getOrder(UserServiceImpl.java:324) UserServiceImpl.java DEBUG 
2020-09-28 10:31:04 com.etc.flower.serviceImpl.UserServiceImpl.getOrder(UserServiceImpl.java:324) UserServiceImpl.java DEBUG 
2020-09-28 10:31:39 com.etc.flower.serviceImpl.UserServiceImpl.getOrder(UserServiceImpl.java:325) UserServiceImpl.java DEBUG You have an error in your SQL syntax; check the manual that corresponds to your MySQL server version for the right syntax to use near 'tuserid = '1'' at line 1
2020-09-29 10:46:28 com.etc.flower.serviceImpl.UserServiceImpl.getPage(UserServiceImpl.java:341) UserServiceImpl.java DEBUG / by zero
2020-11-04 11:01:52 org.apache.ibatis.logging.commons.JakartaCommonsLoggingImpl.debug(JakartaCommonsLoggingImpl.java:54) JakartaCommonsLoggingImpl.java DEBUG Logging initialized using 'class org.apache.ibatis.logging.commons.JakartaCommonsLoggingImpl' adapter.
2020-11-04 11:01:52 org.apache.ibatis.logging.commons.JakartaCommonsLoggingImpl.debug(JakartaCommonsLoggingImpl.java:54) JakartaCommonsLoggingImpl.java DEBUG PooledDataSource forcefully closed/removed all connections.
2020-11-04 11:01:52 org.apache.ibatis.logging.commons.JakartaCommonsLoggingImpl.debug(JakartaCommonsLoggingImpl.java:54) JakartaCommonsLoggingImpl.java DEBUG PooledDataSource forcefully closed/removed all connections.
2020-11-04 11:01:52 org.apache.ibatis.logging.commons.JakartaCommonsLoggingImpl.debug(JakartaCommonsLoggingImpl.java:54) JakartaCommonsLoggingImpl.java DEBUG PooledDataSource forcefully closed/removed all connections.
2020-11-04 11:01:52 org.apache.ibatis.logging.commons.JakartaCommonsLoggingImpl.debug(JakartaCommonsLoggingImpl.java:54) JakartaCommonsLoggingImpl.java DEBUG PooledDataSource forcefully closed/removed all connections.
2020-11-04 11:01:52 org.apache.ibatis.logging.commons.JakartaCommonsLoggingImpl.debug(JakartaCommonsLoggingImpl.java:54) JakartaCommonsLoggingImpl.java DEBUG Opening JDBC Connection
2020-11-04 11:01:52 org.apache.ibatis.logging.commons.JakartaCommonsLoggingImpl.debug(JakartaCommonsLoggingImpl.java:54) JakartaCommonsLoggingImpl.java DEBUG Created connection 1418334255.
2020-11-04 11:01:52 org.apache.ibatis.logging.commons.JakartaCommonsLoggingImpl.debug(JakartaCommonsLoggingImpl.java:54) JakartaCommonsLoggingImpl.java DEBUG ==>  Preparing: select s.tuserid,f.flowername,f.price from shopcar s, flower f where s.fid = f.fid 
2020-11-04 11:01:52 org.apache.ibatis.logging.commons.JakartaCommonsLoggingImpl.debug(JakartaCommonsLoggingImpl.java:54) JakartaCommonsLoggingImpl.java DEBUG ==> Parameters: 
2020-11-04 11:03:22 org.apache.ibatis.logging.commons.JakartaCommonsLoggingImpl.debug(JakartaCommonsLoggingImpl.java:54) JakartaCommonsLoggingImpl.java DEBUG Logging initialized using 'class org.apache.ibatis.logging.commons.JakartaCommonsLoggingImpl' adapter.
2020-11-04 11:03:23 org.apache.ibatis.logging.commons.JakartaCommonsLoggingImpl.debug(JakartaCommonsLoggingImpl.java:54) JakartaCommonsLoggingImpl.java DEBUG PooledDataSource forcefully closed/removed all connections.
2020-11-04 11:03:23 org.apache.ibatis.logging.commons.JakartaCommonsLoggingImpl.debug(JakartaCommonsLoggingImpl.java:54) JakartaCommonsLoggingImpl.java DEBUG PooledDataSource forcefully closed/removed all connections.
2020-11-04 11:03:23 org.apache.ibatis.logging.commons.JakartaCommonsLoggingImpl.debug(JakartaCommonsLoggingImpl.java:54) JakartaCommonsLoggingImpl.java DEBUG PooledDataSource forcefully closed/removed all connections.
2020-11-04 11:03:23 org.apache.ibatis.logging.commons.JakartaCommonsLoggingImpl.debug(JakartaCommonsLoggingImpl.java:54) JakartaCommonsLoggingImpl.java DEBUG PooledDataSource forcefully closed/removed all connections.
2020-11-04 11:03:23 org.apache.ibatis.logging.commons.JakartaCommonsLoggingImpl.debug(JakartaCommonsLoggingImpl.java:54) JakartaCommonsLoggingImpl.java DEBUG Opening JDBC Connection
2020-11-04 11:03:23 org.apache.ibatis.logging.commons.JakartaCommonsLoggingImpl.debug(JakartaCommonsLoggingImpl.java:54) JakartaCommonsLoggingImpl.java DEBUG Created connection 1418334255.
2020-11-04 11:03:23 org.apache.ibatis.logging.commons.JakartaCommonsLoggingImpl.debug(JakartaCommonsLoggingImpl.java:54) JakartaCommonsLoggingImpl.java DEBUG ==>  Preparing: select s.tuserid,f.flowername,f.price from shopcar s, flower f where s.fid = f.fid 
2020-11-04 11:03:23 org.apache.ibatis.logging.commons.JakartaCommonsLoggingImpl.debug(JakartaCommonsLoggingImpl.java:54) JakartaCommonsLoggingImpl.java DEBUG ==> Parameters: 
2020-11-04 11:03:23 org.apache.ibatis.logging.commons.JakartaCommonsLoggingImpl.debug(JakartaCommonsLoggingImpl.java:54) JakartaCommonsLoggingImpl.java DEBUG <==      Total: 1
2020-11-04 11:03:23 org.apache.ibatis.logging.commons.JakartaCommonsLoggingImpl.debug(JakartaCommonsLoggingImpl.java:54) JakartaCommonsLoggingImpl.java DEBUG Closing JDBC Connection [com.mysql.cj.jdbc.ConnectionImpl@548a102f]
2020-11-04 11:03:23 org.apache.ibatis.logging.commons.JakartaCommonsLoggingImpl.debug(JakartaCommonsLoggingImpl.java:54) JakartaCommonsLoggingImpl.java DEBUG Returned connection 1418334255 to pool.
2020-11-04 11:04:13 org.apache.ibatis.logging.commons.JakartaCommonsLoggingImpl.debug(JakartaCommonsLoggingImpl.java:54) JakartaCommonsLoggingImpl.java DEBUG Logging initialized using 'class org.apache.ibatis.logging.commons.JakartaCommonsLoggingImpl' adapter.
2020-11-04 11:04:13 org.apache.ibatis.logging.commons.JakartaCommonsLoggingImpl.debug(JakartaCommonsLoggingImpl.java:54) JakartaCommonsLoggingImpl.java DEBUG PooledDataSource forcefully closed/removed all connections.
2020-11-04 11:04:13 org.apache.ibatis.logging.commons.JakartaCommonsLoggingImpl.debug(JakartaCommonsLoggingImpl.java:54) JakartaCommonsLoggingImpl.java DEBUG PooledDataSource forcefully closed/removed all connections.
2020-11-04 11:04:13 org.apache.ibatis.logging.commons.JakartaCommonsLoggingImpl.debug(JakartaCommonsLoggingImpl.java:54) JakartaCommonsLoggingImpl.java DEBUG PooledDataSource forcefully closed/removed all connections.
2020-11-04 11:04:13 org.apache.ibatis.logging.commons.JakartaCommonsLoggingImpl.debug(JakartaCommonsLoggingImpl.java:54) JakartaCommonsLoggingImpl.java DEBUG PooledDataSource forcefully closed/removed all connections.
2020-11-04 11:04:13 org.apache.ibatis.logging.commons.JakartaCommonsLoggingImpl.debug(JakartaCommonsLoggingImpl.java:54) JakartaCommonsLoggingImpl.java DEBUG Opening JDBC Connection
2020-11-04 11:04:13 org.apache.ibatis.logging.commons.JakartaCommonsLoggingImpl.debug(JakartaCommonsLoggingImpl.java:54) JakartaCommonsLoggingImpl.java DEBUG Created connection 1418334255.
2020-11-04 11:04:13 org.apache.ibatis.logging.commons.JakartaCommonsLoggingImpl.debug(JakartaCommonsLoggingImpl.java:54) JakartaCommonsLoggingImpl.java DEBUG ==>  Preparing: select s.tuserid,f.flowername,f.price from shopcar s, flower f where s.fid = f.fid 
2020-11-04 11:04:13 org.apache.ibatis.logging.commons.JakartaCommonsLoggingImpl.debug(JakartaCommonsLoggingImpl.java:54) JakartaCommonsLoggingImpl.java DEBUG ==> Parameters: 
2020-11-04 11:04:13 org.apache.ibatis.logging.commons.JakartaCommonsLoggingImpl.debug(JakartaCommonsLoggingImpl.java:54) JakartaCommonsLoggingImpl.java DEBUG <==      Total: 1
2020-11-04 11:04:13 org.apache.ibatis.logging.commons.JakartaCommonsLoggingImpl.debug(JakartaCommonsLoggingImpl.java:54) JakartaCommonsLoggingImpl.java DEBUG Closing JDBC Connection [com.mysql.cj.jdbc.ConnectionImpl@548a102f]
2020-11-04 11:04:13 org.apache.ibatis.logging.commons.JakartaCommonsLoggingImpl.debug(JakartaCommonsLoggingImpl.java:54) JakartaCommonsLoggingImpl.java DEBUG Returned connection 1418334255 to pool.
2020-11-04 11:05:43 org.apache.ibatis.logging.commons.JakartaCommonsLoggingImpl.debug(JakartaCommonsLoggingImpl.java:54) JakartaCommonsLoggingImpl.java DEBUG Logging initialized using 'class org.apache.ibatis.logging.commons.JakartaCommonsLoggingImpl' adapter.
2020-11-04 11:05:43 org.apache.ibatis.logging.commons.JakartaCommonsLoggingImpl.debug(JakartaCommonsLoggingImpl.java:54) JakartaCommonsLoggingImpl.java DEBUG PooledDataSource forcefully closed/removed all connections.
2020-11-04 11:05:43 org.apache.ibatis.logging.commons.JakartaCommonsLoggingImpl.debug(JakartaCommonsLoggingImpl.java:54) JakartaCommonsLoggingImpl.java DEBUG PooledDataSource forcefully closed/removed all connections.
2020-11-04 11:05:43 org.apache.ibatis.logging.commons.JakartaCommonsLoggingImpl.debug(JakartaCommonsLoggingImpl.java:54) JakartaCommonsLoggingImpl.java DEBUG PooledDataSource forcefully closed/removed all connections.
2020-11-04 11:05:43 org.apache.ibatis.logging.commons.JakartaCommonsLoggingImpl.debug(JakartaCommonsLoggingImpl.java:54) JakartaCommonsLoggingImpl.java DEBUG PooledDataSource forcefully closed/removed all connections.
2020-11-04 11:05:43 org.apache.ibatis.logging.commons.JakartaCommonsLoggingImpl.debug(JakartaCommonsLoggingImpl.java:54) JakartaCommonsLoggingImpl.java DEBUG Opening JDBC Connection
2020-11-04 11:05:44 org.apache.ibatis.logging.commons.JakartaCommonsLoggingImpl.debug(JakartaCommonsLoggingImpl.java:54) JakartaCommonsLoggingImpl.java DEBUG Created connection 1418334255.
2020-11-04 11:05:44 org.apache.ibatis.logging.commons.JakartaCommonsLoggingImpl.debug(JakartaCommonsLoggingImpl.java:54) JakartaCommonsLoggingImpl.java DEBUG ==>  Preparing: select s.tuserid,f.flowername,f.price from shopcar s, flower f where s.fid = f.fid 
2020-11-04 11:05:44 org.apache.ibatis.logging.commons.JakartaCommonsLoggingImpl.debug(JakartaCommonsLoggingImpl.java:54) JakartaCommonsLoggingImpl.java DEBUG ==> Parameters: 
2020-11-04 11:05:44 org.apache.ibatis.logging.commons.JakartaCommonsLoggingImpl.debug(JakartaCommonsLoggingImpl.java:54) JakartaCommonsLoggingImpl.java DEBUG <==      Total: 1
2020-11-04 11:05:44 org.apache.ibatis.logging.commons.JakartaCommonsLoggingImpl.debug(JakartaCommonsLoggingImpl.java:54) JakartaCommonsLoggingImpl.java DEBUG Closing JDBC Connection [com.mysql.cj.jdbc.ConnectionImpl@548a102f]
2020-11-04 11:05:44 org.apache.ibatis.logging.commons.JakartaCommonsLoggingImpl.debug(JakartaCommonsLoggingImpl.java:54) JakartaCommonsLoggingImpl.java DEBUG Returned connection 1418334255 to pool.
2020-11-04 11:07:02 org.apache.ibatis.logging.commons.JakartaCommonsLoggingImpl.debug(JakartaCommonsLoggingImpl.java:54) JakartaCommonsLoggingImpl.java DEBUG Logging initialized using 'class org.apache.ibatis.logging.commons.JakartaCommonsLoggingImpl' adapter.
2020-11-04 11:07:02 org.apache.ibatis.logging.commons.JakartaCommonsLoggingImpl.debug(JakartaCommonsLoggingImpl.java:54) JakartaCommonsLoggingImpl.java DEBUG PooledDataSource forcefully closed/removed all connections.
2020-11-04 11:07:02 org.apache.ibatis.logging.commons.JakartaCommonsLoggingImpl.debug(JakartaCommonsLoggingImpl.java:54) JakartaCommonsLoggingImpl.java DEBUG PooledDataSource forcefully closed/removed all connections.
2020-11-04 11:07:02 org.apache.ibatis.logging.commons.JakartaCommonsLoggingImpl.debug(JakartaCommonsLoggingImpl.java:54) JakartaCommonsLoggingImpl.java DEBUG PooledDataSource forcefully closed/removed all connections.
2020-11-04 11:07:02 org.apache.ibatis.logging.commons.JakartaCommonsLoggingImpl.debug(JakartaCommonsLoggingImpl.java:54) JakartaCommonsLoggingImpl.java DEBUG PooledDataSource forcefully closed/removed all connections.
2020-11-04 11:07:02 org.apache.ibatis.logging.commons.JakartaCommonsLoggingImpl.debug(JakartaCommonsLoggingImpl.java:54) JakartaCommonsLoggingImpl.java DEBUG Opening JDBC Connection
2020-11-04 11:07:03 org.apache.ibatis.logging.commons.JakartaCommonsLoggingImpl.debug(JakartaCommonsLoggingImpl.java:54) JakartaCommonsLoggingImpl.java DEBUG Created connection 1418334255.
2020-11-04 11:07:03 org.apache.ibatis.logging.commons.JakartaCommonsLoggingImpl.debug(JakartaCommonsLoggingImpl.java:54) JakartaCommonsLoggingImpl.java DEBUG ==>  Preparing: select s.tuserid,f.flowername,f.price from shopcar s, flower f where s.fid = f.fid 
2020-11-04 11:07:03 org.apache.ibatis.logging.commons.JakartaCommonsLoggingImpl.debug(JakartaCommonsLoggingImpl.java:54) JakartaCommonsLoggingImpl.java DEBUG ==> Parameters: 
2020-11-04 11:07:03 org.apache.ibatis.logging.commons.JakartaCommonsLoggingImpl.debug(JakartaCommonsLoggingImpl.java:54) JakartaCommonsLoggingImpl.java DEBUG <==      Total: 1
2020-11-04 11:07:03 org.apache.ibatis.logging.commons.JakartaCommonsLoggingImpl.debug(JakartaCommonsLoggingImpl.java:54) JakartaCommonsLoggingImpl.java DEBUG Closing JDBC Connection [com.mysql.cj.jdbc.ConnectionImpl@548a102f]
2020-11-04 11:07:03 org.apache.ibatis.logging.commons.JakartaCommonsLoggingImpl.debug(JakartaCommonsLoggingImpl.java:54) JakartaCommonsLoggingImpl.java DEBUG Returned connection 1418334255 to pool.
2020-11-04 11:07:36 org.apache.ibatis.logging.commons.JakartaCommonsLoggingImpl.debug(JakartaCommonsLoggingImpl.java:54) JakartaCommonsLoggingImpl.java DEBUG Logging initialized using 'class org.apache.ibatis.logging.commons.JakartaCommonsLoggingImpl' adapter.
2020-11-04 11:07:36 org.apache.ibatis.logging.commons.JakartaCommonsLoggingImpl.debug(JakartaCommonsLoggingImpl.java:54) JakartaCommonsLoggingImpl.java DEBUG PooledDataSource forcefully closed/removed all connections.
2020-11-04 11:07:36 org.apache.ibatis.logging.commons.JakartaCommonsLoggingImpl.debug(JakartaCommonsLoggingImpl.java:54) JakartaCommonsLoggingImpl.java DEBUG PooledDataSource forcefully closed/removed all connections.
2020-11-04 11:07:36 org.apache.ibatis.logging.commons.JakartaCommonsLoggingImpl.debug(JakartaCommonsLoggingImpl.java:54) JakartaCommonsLoggingImpl.java DEBUG PooledDataSource forcefully closed/removed all connections.
2020-11-04 11:07:36 org.apache.ibatis.logging.commons.JakartaCommonsLoggingImpl.debug(JakartaCommonsLoggingImpl.java:54) JakartaCommonsLoggingImpl.java DEBUG PooledDataSource forcefully closed/removed all connections.
2020-11-04 11:07:36 org.apache.ibatis.logging.commons.JakartaCommonsLoggingImpl.debug(JakartaCommonsLoggingImpl.java:54) JakartaCommonsLoggingImpl.java DEBUG Opening JDBC Connection
2020-11-04 11:07:37 org.apache.ibatis.logging.commons.JakartaCommonsLoggingImpl.debug(JakartaCommonsLoggingImpl.java:54) JakartaCommonsLoggingImpl.java DEBUG Created connection 1418334255.
2020-11-04 11:07:37 org.apache.ibatis.logging.commons.JakartaCommonsLoggingImpl.debug(JakartaCommonsLoggingImpl.java:54) JakartaCommonsLoggingImpl.java DEBUG ==>  Preparing: select s.tuserid,f.flowername,f.price from shopcar s, flower f where s.fid = f.fid 
2020-11-04 11:07:37 org.apache.ibatis.logging.commons.JakartaCommonsLoggingImpl.debug(JakartaCommonsLoggingImpl.java:54) JakartaCommonsLoggingImpl.java DEBUG ==> Parameters: 
2020-11-04 11:07:37 org.apache.ibatis.logging.commons.JakartaCommonsLoggingImpl.debug(JakartaCommonsLoggingImpl.java:54) JakartaCommonsLoggingImpl.java DEBUG <==      Total: 1
2020-11-04 11:07:37 org.apache.ibatis.logging.commons.JakartaCommonsLoggingImpl.debug(JakartaCommonsLoggingImpl.java:54) JakartaCommonsLoggingImpl.java DEBUG Closing JDBC Connection [com.mysql.cj.jdbc.ConnectionImpl@548a102f]
2020-11-04 11:07:37 org.apache.ibatis.logging.commons.JakartaCommonsLoggingImpl.debug(JakartaCommonsLoggingImpl.java:54) JakartaCommonsLoggingImpl.java DEBUG Returned connection 1418334255 to pool.
2020-11-04 11:08:02 org.apache.ibatis.logging.commons.JakartaCommonsLoggingImpl.debug(JakartaCommonsLoggingImpl.java:54) JakartaCommonsLoggingImpl.java DEBUG Logging initialized using 'class org.apache.ibatis.logging.commons.JakartaCommonsLoggingImpl' adapter.
2020-11-04 11:08:02 org.apache.ibatis.logging.commons.JakartaCommonsLoggingImpl.debug(JakartaCommonsLoggingImpl.java:54) JakartaCommonsLoggingImpl.java DEBUG PooledDataSource forcefully closed/removed all connections.
2020-11-04 11:08:02 org.apache.ibatis.logging.commons.JakartaCommonsLoggingImpl.debug(JakartaCommonsLoggingImpl.java:54) JakartaCommonsLoggingImpl.java DEBUG PooledDataSource forcefully closed/removed all connections.
2020-11-04 11:08:02 org.apache.ibatis.logging.commons.JakartaCommonsLoggingImpl.debug(JakartaCommonsLoggingImpl.java:54) JakartaCommonsLoggingImpl.java DEBUG PooledDataSource forcefully closed/removed all connections.
2020-11-04 11:08:02 org.apache.ibatis.logging.commons.JakartaCommonsLoggingImpl.debug(JakartaCommonsLoggingImpl.java:54) JakartaCommonsLoggingImpl.java DEBUG PooledDataSource forcefully closed/removed all connections.
2020-11-04 11:08:02 org.apache.ibatis.logging.commons.JakartaCommonsLoggingImpl.debug(JakartaCommonsLoggingImpl.java:54) JakartaCommonsLoggingImpl.java DEBUG Opening JDBC Connection
2020-11-04 11:08:02 org.apache.ibatis.logging.commons.JakartaCommonsLoggingImpl.debug(JakartaCommonsLoggingImpl.java:54) JakartaCommonsLoggingImpl.java DEBUG Created connection 720167805.
2020-11-04 11:08:02 org.apache.ibatis.logging.commons.JakartaCommonsLoggingImpl.debug(JakartaCommonsLoggingImpl.java:54) JakartaCommonsLoggingImpl.java DEBUG ==>  Preparing: select s.tuserid,f.flowername,f.price from shopcar s, flower f where s.fid = f.fid 
2020-11-04 11:08:02 org.apache.ibatis.logging.commons.JakartaCommonsLoggingImpl.debug(JakartaCommonsLoggingImpl.java:54) JakartaCommonsLoggingImpl.java DEBUG ==> Parameters: 
2020-11-04 11:08:03 org.apache.ibatis.logging.commons.JakartaCommonsLoggingImpl.debug(JakartaCommonsLoggingImpl.java:54) JakartaCommonsLoggingImpl.java DEBUG <==      Total: 1
2020-11-04 11:08:03 org.apache.ibatis.logging.commons.JakartaCommonsLoggingImpl.debug(JakartaCommonsLoggingImpl.java:54) JakartaCommonsLoggingImpl.java DEBUG Closing JDBC Connection [com.mysql.cj.jdbc.ConnectionImpl@2aece37d]
2020-11-04 11:08:03 org.apache.ibatis.logging.commons.JakartaCommonsLoggingImpl.debug(JakartaCommonsLoggingImpl.java:54) JakartaCommonsLoggingImpl.java DEBUG Returned connection 720167805 to pool.
2020-11-04 11:08:38 org.apache.ibatis.logging.commons.JakartaCommonsLoggingImpl.debug(JakartaCommonsLoggingImpl.java:54) JakartaCommonsLoggingImpl.java DEBUG Logging initialized using 'class org.apache.ibatis.logging.commons.JakartaCommonsLoggingImpl' adapter.
2020-11-04 11:08:38 org.apache.ibatis.logging.commons.JakartaCommonsLoggingImpl.debug(JakartaCommonsLoggingImpl.java:54) JakartaCommonsLoggingImpl.java DEBUG PooledDataSource forcefully closed/removed all connections.
2020-11-04 11:08:38 org.apache.ibatis.logging.commons.JakartaCommonsLoggingImpl.debug(JakartaCommonsLoggingImpl.java:54) JakartaCommonsLoggingImpl.java DEBUG PooledDataSource forcefully closed/removed all connections.
2020-11-04 11:08:38 org.apache.ibatis.logging.commons.JakartaCommonsLoggingImpl.debug(JakartaCommonsLoggingImpl.java:54) JakartaCommonsLoggingImpl.java DEBUG PooledDataSource forcefully closed/removed all connections.
2020-11-04 11:08:38 org.apache.ibatis.logging.commons.JakartaCommonsLoggingImpl.debug(JakartaCommonsLoggingImpl.java:54) JakartaCommonsLoggingImpl.java DEBUG PooledDataSource forcefully closed/removed all connections.
2020-11-04 11:08:38 org.apache.ibatis.logging.commons.JakartaCommonsLoggingImpl.debug(JakartaCommonsLoggingImpl.java:54) JakartaCommonsLoggingImpl.java DEBUG Opening JDBC Connection
2020-11-04 11:08:38 org.apache.ibatis.logging.commons.JakartaCommonsLoggingImpl.debug(JakartaCommonsLoggingImpl.java:54) JakartaCommonsLoggingImpl.java DEBUG Created connection 1418334255.
2020-11-04 11:08:38 org.apache.ibatis.logging.commons.JakartaCommonsLoggingImpl.debug(JakartaCommonsLoggingImpl.java:54) JakartaCommonsLoggingImpl.java DEBUG ==>  Preparing: select s.tuserid,f.flowername,f.price from shopcar s, flower f where s.fid = f.fid 
2020-11-04 11:08:38 org.apache.ibatis.logging.commons.JakartaCommonsLoggingImpl.debug(JakartaCommonsLoggingImpl.java:54) JakartaCommonsLoggingImpl.java DEBUG ==> Parameters: 
2020-11-04 11:08:38 org.apache.ibatis.logging.commons.JakartaCommonsLoggingImpl.debug(JakartaCommonsLoggingImpl.java:54) JakartaCommonsLoggingImpl.java DEBUG <==      Total: 1
2020-11-04 11:08:39 org.apache.ibatis.logging.commons.JakartaCommonsLoggingImpl.debug(JakartaCommonsLoggingImpl.java:54) JakartaCommonsLoggingImpl.java DEBUG Closing JDBC Connection [com.mysql.cj.jdbc.ConnectionImpl@548a102f]
2020-11-04 11:08:39 org.apache.ibatis.logging.commons.JakartaCommonsLoggingImpl.debug(JakartaCommonsLoggingImpl.java:54) JakartaCommonsLoggingImpl.java DEBUG Returned connection 1418334255 to pool.
2020-11-04 11:11:21 org.apache.ibatis.logging.commons.JakartaCommonsLoggingImpl.debug(JakartaCommonsLoggingImpl.java:54) JakartaCommonsLoggingImpl.java DEBUG Logging initialized using 'class org.apache.ibatis.logging.commons.JakartaCommonsLoggingImpl' adapter.
2020-11-04 11:11:21 org.apache.ibatis.logging.commons.JakartaCommonsLoggingImpl.debug(JakartaCommonsLoggingImpl.java:54) JakartaCommonsLoggingImpl.java DEBUG PooledDataSource forcefully closed/removed all connections.
2020-11-04 11:11:21 org.apache.ibatis.logging.commons.JakartaCommonsLoggingImpl.debug(JakartaCommonsLoggingImpl.java:54) JakartaCommonsLoggingImpl.java DEBUG PooledDataSource forcefully closed/removed all connections.
2020-11-04 11:11:21 org.apache.ibatis.logging.commons.JakartaCommonsLoggingImpl.debug(JakartaCommonsLoggingImpl.java:54) JakartaCommonsLoggingImpl.java DEBUG PooledDataSource forcefully closed/removed all connections.
2020-11-04 11:11:21 org.apache.ibatis.logging.commons.JakartaCommonsLoggingImpl.debug(JakartaCommonsLoggingImpl.java:54) JakartaCommonsLoggingImpl.java DEBUG PooledDataSource forcefully closed/removed all connections.
2020-11-04 11:11:21 org.apache.ibatis.logging.commons.JakartaCommonsLoggingImpl.debug(JakartaCommonsLoggingImpl.java:54) JakartaCommonsLoggingImpl.java DEBUG Opening JDBC Connection
2020-11-04 11:11:21 org.apache.ibatis.logging.commons.JakartaCommonsLoggingImpl.debug(JakartaCommonsLoggingImpl.java:54) JakartaCommonsLoggingImpl.java DEBUG Created connection 1418334255.
2020-11-04 11:11:21 org.apache.ibatis.logging.commons.JakartaCommonsLoggingImpl.debug(JakartaCommonsLoggingImpl.java:54) JakartaCommonsLoggingImpl.java DEBUG ==>  Preparing: select s.tuserid,f.flowername,f.price from shopcar s, flower f where s.fid = f.fid 
2020-11-04 11:11:21 org.apache.ibatis.logging.commons.JakartaCommonsLoggingImpl.debug(JakartaCommonsLoggingImpl.java:54) JakartaCommonsLoggingImpl.java DEBUG ==> Parameters: 
2020-11-04 11:11:21 org.apache.ibatis.logging.commons.JakartaCommonsLoggingImpl.debug(JakartaCommonsLoggingImpl.java:54) JakartaCommonsLoggingImpl.java DEBUG <==      Total: 1
2020-11-04 11:11:21 org.apache.ibatis.logging.commons.JakartaCommonsLoggingImpl.debug(JakartaCommonsLoggingImpl.java:54) JakartaCommonsLoggingImpl.java DEBUG Closing JDBC Connection [com.mysql.cj.jdbc.ConnectionImpl@548a102f]
2020-11-04 11:11:21 org.apache.ibatis.logging.commons.JakartaCommonsLoggingImpl.debug(JakartaCommonsLoggingImpl.java:54) JakartaCommonsLoggingImpl.java DEBUG Returned connection 1418334255 to pool.
2020-11-04 14:07:57 org.apache.ibatis.logging.commons.JakartaCommonsLoggingImpl.debug(JakartaCommonsLoggingImpl.java:54) JakartaCommonsLoggingImpl.java DEBUG Logging initialized using 'class org.apache.ibatis.logging.commons.JakartaCommonsLoggingImpl' adapter.
2020-11-04 14:07:57 org.apache.ibatis.logging.commons.JakartaCommonsLoggingImpl.debug(JakartaCommonsLoggingImpl.java:54) JakartaCommonsLoggingImpl.java DEBUG PooledDataSource forcefully closed/removed all connections.
2020-11-04 14:07:57 org.apache.ibatis.logging.commons.JakartaCommonsLoggingImpl.debug(JakartaCommonsLoggingImpl.java:54) JakartaCommonsLoggingImpl.java DEBUG PooledDataSource forcefully closed/removed all connections.
2020-11-04 14:07:57 org.apache.ibatis.logging.commons.JakartaCommonsLoggingImpl.debug(JakartaCommonsLoggingImpl.java:54) JakartaCommonsLoggingImpl.java DEBUG PooledDataSource forcefully closed/removed all connections.
2020-11-04 14:07:57 org.apache.ibatis.logging.commons.JakartaCommonsLoggingImpl.debug(JakartaCommonsLoggingImpl.java:54) JakartaCommonsLoggingImpl.java DEBUG PooledDataSource forcefully closed/removed all connections.
2020-11-04 14:07:57 org.apache.ibatis.logging.commons.JakartaCommonsLoggingImpl.debug(JakartaCommonsLoggingImpl.java:54) JakartaCommonsLoggingImpl.java DEBUG Opening JDBC Connection
2020-11-04 14:07:57 org.apache.ibatis.logging.commons.JakartaCommonsLoggingImpl.debug(JakartaCommonsLoggingImpl.java:54) JakartaCommonsLoggingImpl.java DEBUG Created connection 1418334255.
2020-11-04 14:07:57 org.apache.ibatis.logging.commons.JakartaCommonsLoggingImpl.debug(JakartaCommonsLoggingImpl.java:54) JakartaCommonsLoggingImpl.java DEBUG ==>  Preparing: select s.tuserid,f.flowername,f.price from shopcar s, flower f where s.fid = f.fid 
2020-11-04 14:07:57 org.apache.ibatis.logging.commons.JakartaCommonsLoggingImpl.debug(JakartaCommonsLoggingImpl.java:54) JakartaCommonsLoggingImpl.java DEBUG ==> Parameters: 
2020-11-04 14:07:57 org.apache.ibatis.logging.commons.JakartaCommonsLoggingImpl.debug(JakartaCommonsLoggingImpl.java:54) JakartaCommonsLoggingImpl.java DEBUG <==      Total: 1
2020-11-04 14:07:57 org.apache.ibatis.logging.commons.JakartaCommonsLoggingImpl.debug(JakartaCommonsLoggingImpl.java:54) JakartaCommonsLoggingImpl.java DEBUG Closing JDBC Connection [com.mysql.cj.jdbc.ConnectionImpl@548a102f]
2020-11-04 14:07:57 org.apache.ibatis.logging.commons.JakartaCommonsLoggingImpl.debug(JakartaCommonsLoggingImpl.java:54) JakartaCommonsLoggingImpl.java DEBUG Returned connection 1418334255 to pool.
2020-11-04 14:13:34 org.apache.ibatis.logging.commons.JakartaCommonsLoggingImpl.debug(JakartaCommonsLoggingImpl.java:54) JakartaCommonsLoggingImpl.java DEBUG Logging initialized using 'class org.apache.ibatis.logging.commons.JakartaCommonsLoggingImpl' adapter.
2020-11-04 14:13:34 org.apache.ibatis.logging.commons.JakartaCommonsLoggingImpl.debug(JakartaCommonsLoggingImpl.java:54) JakartaCommonsLoggingImpl.java DEBUG PooledDataSource forcefully closed/removed all connections.
2020-11-04 14:13:34 org.apache.ibatis.logging.commons.JakartaCommonsLoggingImpl.debug(JakartaCommonsLoggingImpl.java:54) JakartaCommonsLoggingImpl.java DEBUG PooledDataSource forcefully closed/removed all connections.
2020-11-04 14:13:34 org.apache.ibatis.logging.commons.JakartaCommonsLoggingImpl.debug(JakartaCommonsLoggingImpl.java:54) JakartaCommonsLoggingImpl.java DEBUG PooledDataSource forcefully closed/removed all connections.
2020-11-04 14:13:34 org.apache.ibatis.logging.commons.JakartaCommonsLoggingImpl.debug(JakartaCommonsLoggingImpl.java:54) JakartaCommonsLoggingImpl.java DEBUG PooledDataSource forcefully closed/removed all connections.
2020-11-04 14:13:35 org.apache.ibatis.logging.commons.JakartaCommonsLoggingImpl.debug(JakartaCommonsLoggingImpl.java:54) JakartaCommonsLoggingImpl.java DEBUG Opening JDBC Connection
2020-11-04 14:13:35 org.apache.ibatis.logging.commons.JakartaCommonsLoggingImpl.debug(JakartaCommonsLoggingImpl.java:54) JakartaCommonsLoggingImpl.java DEBUG Created connection 1418334255.
2020-11-04 14:13:35 org.apache.ibatis.logging.commons.JakartaCommonsLoggingImpl.debug(JakartaCommonsLoggingImpl.java:54) JakartaCommonsLoggingImpl.java DEBUG ==>  Preparing: select s.tuserid,f.flowername,f.price from shopcar s, flower f where s.fid = f.fid 
2020-11-04 14:13:35 org.apache.ibatis.logging.commons.JakartaCommonsLoggingImpl.debug(JakartaCommonsLoggingImpl.java:54) JakartaCommonsLoggingImpl.java DEBUG ==> Parameters: 
2020-11-04 14:13:35 org.apache.ibatis.logging.commons.JakartaCommonsLoggingImpl.debug(JakartaCommonsLoggingImpl.java:54) JakartaCommonsLoggingImpl.java DEBUG <==      Total: 1
2020-11-04 14:13:35 org.apache.ibatis.logging.commons.JakartaCommonsLoggingImpl.debug(JakartaCommonsLoggingImpl.java:54) JakartaCommonsLoggingImpl.java DEBUG Closing JDBC Connection [com.mysql.cj.jdbc.ConnectionImpl@548a102f]
2020-11-04 14:13:35 org.apache.ibatis.logging.commons.JakartaCommonsLoggingImpl.debug(JakartaCommonsLoggingImpl.java:54) JakartaCommonsLoggingImpl.java DEBUG Returned connection 1418334255 to pool.
2020-11-04 14:16:50 org.apache.ibatis.logging.commons.JakartaCommonsLoggingImpl.debug(JakartaCommonsLoggingImpl.java:54) JakartaCommonsLoggingImpl.java DEBUG Logging initialized using 'class org.apache.ibatis.logging.commons.JakartaCommonsLoggingImpl' adapter.
2020-11-04 14:16:50 org.apache.ibatis.logging.commons.JakartaCommonsLoggingImpl.debug(JakartaCommonsLoggingImpl.java:54) JakartaCommonsLoggingImpl.java DEBUG PooledDataSource forcefully closed/removed all connections.
2020-11-04 14:16:50 org.apache.ibatis.logging.commons.JakartaCommonsLoggingImpl.debug(JakartaCommonsLoggingImpl.java:54) JakartaCommonsLoggingImpl.java DEBUG PooledDataSource forcefully closed/removed all connections.
2020-11-04 14:16:50 org.apache.ibatis.logging.commons.JakartaCommonsLoggingImpl.debug(JakartaCommonsLoggingImpl.java:54) JakartaCommonsLoggingImpl.java DEBUG PooledDataSource forcefully closed/removed all connections.
2020-11-04 14:16:50 org.apache.ibatis.logging.commons.JakartaCommonsLoggingImpl.debug(JakartaCommonsLoggingImpl.java:54) JakartaCommonsLoggingImpl.java DEBUG PooledDataSource forcefully closed/removed all connections.
2020-11-04 14:16:50 org.apache.ibatis.logging.commons.JakartaCommonsLoggingImpl.debug(JakartaCommonsLoggingImpl.java:54) JakartaCommonsLoggingImpl.java DEBUG Opening JDBC Connection
2020-11-04 14:16:51 org.apache.ibatis.logging.commons.JakartaCommonsLoggingImpl.debug(JakartaCommonsLoggingImpl.java:54) JakartaCommonsLoggingImpl.java DEBUG Created connection 1418334255.
2020-11-04 14:16:51 org.apache.ibatis.logging.commons.JakartaCommonsLoggingImpl.debug(JakartaCommonsLoggingImpl.java:54) JakartaCommonsLoggingImpl.java DEBUG ==>  Preparing: select s.tuserid,f.flowername,f.price from shopcar s, flower f where s.fid = f.fid 
2020-11-04 14:16:51 org.apache.ibatis.logging.commons.JakartaCommonsLoggingImpl.debug(JakartaCommonsLoggingImpl.java:54) JakartaCommonsLoggingImpl.java DEBUG ==> Parameters: 
2020-11-04 14:16:51 org.apache.ibatis.logging.commons.JakartaCommonsLoggingImpl.debug(JakartaCommonsLoggingImpl.java:54) JakartaCommonsLoggingImpl.java DEBUG <==      Total: 1
2020-11-04 14:16:51 org.apache.ibatis.logging.commons.JakartaCommonsLoggingImpl.debug(JakartaCommonsLoggingImpl.java:54) JakartaCommonsLoggingImpl.java DEBUG Closing JDBC Connection [com.mysql.cj.jdbc.ConnectionImpl@548a102f]
2020-11-04 14:16:51 org.apache.ibatis.logging.commons.JakartaCommonsLoggingImpl.debug(JakartaCommonsLoggingImpl.java:54) JakartaCommonsLoggingImpl.java DEBUG Returned connection 1418334255 to pool.
2020-11-04 14:17:08 org.apache.ibatis.logging.commons.JakartaCommonsLoggingImpl.debug(JakartaCommonsLoggingImpl.java:54) JakartaCommonsLoggingImpl.java DEBUG Logging initialized using 'class org.apache.ibatis.logging.commons.JakartaCommonsLoggingImpl' adapter.
2020-11-04 14:17:08 org.apache.ibatis.logging.commons.JakartaCommonsLoggingImpl.debug(JakartaCommonsLoggingImpl.java:54) JakartaCommonsLoggingImpl.java DEBUG PooledDataSource forcefully closed/removed all connections.
2020-11-04 14:17:08 org.apache.ibatis.logging.commons.JakartaCommonsLoggingImpl.debug(JakartaCommonsLoggingImpl.java:54) JakartaCommonsLoggingImpl.java DEBUG PooledDataSource forcefully closed/removed all connections.
2020-11-04 14:17:08 org.apache.ibatis.logging.commons.JakartaCommonsLoggingImpl.debug(JakartaCommonsLoggingImpl.java:54) JakartaCommonsLoggingImpl.java DEBUG PooledDataSource forcefully closed/removed all connections.
2020-11-04 14:17:08 org.apache.ibatis.logging.commons.JakartaCommonsLoggingImpl.debug(JakartaCommonsLoggingImpl.java:54) JakartaCommonsLoggingImpl.java DEBUG PooledDataSource forcefully closed/removed all connections.
2020-11-04 14:17:09 org.apache.ibatis.logging.commons.JakartaCommonsLoggingImpl.debug(JakartaCommonsLoggingImpl.java:54) JakartaCommonsLoggingImpl.java DEBUG Opening JDBC Connection
2020-11-04 14:17:09 org.apache.ibatis.logging.commons.JakartaCommonsLoggingImpl.debug(JakartaCommonsLoggingImpl.java:54) JakartaCommonsLoggingImpl.java DEBUG Created connection 1418334255.
2020-11-04 14:17:09 org.apache.ibatis.logging.commons.JakartaCommonsLoggingImpl.debug(JakartaCommonsLoggingImpl.java:54) JakartaCommonsLoggingImpl.java DEBUG ==>  Preparing: select s.tuserid,f.flowername,f.price from shopcar s, flower f where s.fid = f.fid 
2020-11-04 14:17:09 org.apache.ibatis.logging.commons.JakartaCommonsLoggingImpl.debug(JakartaCommonsLoggingImpl.java:54) JakartaCommonsLoggingImpl.java DEBUG ==> Parameters: 
2020-11-04 14:17:09 org.apache.ibatis.logging.commons.JakartaCommonsLoggingImpl.debug(JakartaCommonsLoggingImpl.java:54) JakartaCommonsLoggingImpl.java DEBUG <==      Total: 1
2020-11-04 14:17:09 org.apache.ibatis.logging.commons.JakartaCommonsLoggingImpl.debug(JakartaCommonsLoggingImpl.java:54) JakartaCommonsLoggingImpl.java DEBUG Closing JDBC Connection [com.mysql.cj.jdbc.ConnectionImpl@548a102f]
2020-11-04 14:17:09 org.apache.ibatis.logging.commons.JakartaCommonsLoggingImpl.debug(JakartaCommonsLoggingImpl.java:54) JakartaCommonsLoggingImpl.java DEBUG Returned connection 1418334255 to pool.
2020-11-04 14:18:34 org.apache.ibatis.logging.commons.JakartaCommonsLoggingImpl.debug(JakartaCommonsLoggingImpl.java:54) JakartaCommonsLoggingImpl.java DEBUG Logging initialized using 'class org.apache.ibatis.logging.commons.JakartaCommonsLoggingImpl' adapter.
2020-11-04 14:18:34 org.apache.ibatis.logging.commons.JakartaCommonsLoggingImpl.debug(JakartaCommonsLoggingImpl.java:54) JakartaCommonsLoggingImpl.java DEBUG PooledDataSource forcefully closed/removed all connections.
2020-11-04 14:18:34 org.apache.ibatis.logging.commons.JakartaCommonsLoggingImpl.debug(JakartaCommonsLoggingImpl.java:54) JakartaCommonsLoggingImpl.java DEBUG PooledDataSource forcefully closed/removed all connections.
2020-11-04 14:18:34 org.apache.ibatis.logging.commons.JakartaCommonsLoggingImpl.debug(JakartaCommonsLoggingImpl.java:54) JakartaCommonsLoggingImpl.java DEBUG PooledDataSource forcefully closed/removed all connections.
2020-11-04 14:18:34 org.apache.ibatis.logging.commons.JakartaCommonsLoggingImpl.debug(JakartaCommonsLoggingImpl.java:54) JakartaCommonsLoggingImpl.java DEBUG PooledDataSource forcefully closed/removed all connections.
2020-11-04 14:18:34 org.apache.ibatis.logging.commons.JakartaCommonsLoggingImpl.debug(JakartaCommonsLoggingImpl.java:54) JakartaCommonsLoggingImpl.java DEBUG Opening JDBC Connection
2020-11-04 14:18:35 org.apache.ibatis.logging.commons.JakartaCommonsLoggingImpl.debug(JakartaCommonsLoggingImpl.java:54) JakartaCommonsLoggingImpl.java DEBUG Created connection 1418334255.
2020-11-04 14:18:35 org.apache.ibatis.logging.commons.JakartaCommonsLoggingImpl.debug(JakartaCommonsLoggingImpl.java:54) JakartaCommonsLoggingImpl.java DEBUG ==>  Preparing: select s.tuserid,f.flowername,f.price from shopcar s, flower f where s.fid = f.fid 
2020-11-04 14:18:35 org.apache.ibatis.logging.commons.JakartaCommonsLoggingImpl.debug(JakartaCommonsLoggingImpl.java:54) JakartaCommonsLoggingImpl.java DEBUG ==> Parameters: 
2020-11-04 14:18:35 org.apache.ibatis.logging.commons.JakartaCommonsLoggingImpl.debug(JakartaCommonsLoggingImpl.java:54) JakartaCommonsLoggingImpl.java DEBUG <==      Total: 1
2020-11-04 14:18:35 org.apache.ibatis.logging.commons.JakartaCommonsLoggingImpl.debug(JakartaCommonsLoggingImpl.java:54) JakartaCommonsLoggingImpl.java DEBUG Closing JDBC Connection [com.mysql.cj.jdbc.ConnectionImpl@548a102f]
2020-11-04 14:18:35 org.apache.ibatis.logging.commons.JakartaCommonsLoggingImpl.debug(JakartaCommonsLoggingImpl.java:54) JakartaCommonsLoggingImpl.java DEBUG Returned connection 1418334255 to pool.
2020-11-04 14:18:46 org.apache.ibatis.logging.commons.JakartaCommonsLoggingImpl.debug(JakartaCommonsLoggingImpl.java:54) JakartaCommonsLoggingImpl.java DEBUG Logging initialized using 'class org.apache.ibatis.logging.commons.JakartaCommonsLoggingImpl' adapter.
2020-11-04 14:18:46 org.apache.ibatis.logging.commons.JakartaCommonsLoggingImpl.debug(JakartaCommonsLoggingImpl.java:54) JakartaCommonsLoggingImpl.java DEBUG PooledDataSource forcefully closed/removed all connections.
2020-11-04 14:18:46 org.apache.ibatis.logging.commons.JakartaCommonsLoggingImpl.debug(JakartaCommonsLoggingImpl.java:54) JakartaCommonsLoggingImpl.java DEBUG PooledDataSource forcefully closed/removed all connections.
2020-11-04 14:18:46 org.apache.ibatis.logging.commons.JakartaCommonsLoggingImpl.debug(JakartaCommonsLoggingImpl.java:54) JakartaCommonsLoggingImpl.java DEBUG PooledDataSource forcefully closed/removed all connections.
2020-11-04 14:18:46 org.apache.ibatis.logging.commons.JakartaCommonsLoggingImpl.debug(JakartaCommonsLoggingImpl.java:54) JakartaCommonsLoggingImpl.java DEBUG PooledDataSource forcefully closed/removed all connections.
2020-11-04 14:18:46 org.apache.ibatis.logging.commons.JakartaCommonsLoggingImpl.debug(JakartaCommonsLoggingImpl.java:54) JakartaCommonsLoggingImpl.java DEBUG Opening JDBC Connection
2020-11-04 14:18:46 org.apache.ibatis.logging.commons.JakartaCommonsLoggingImpl.debug(JakartaCommonsLoggingImpl.java:54) JakartaCommonsLoggingImpl.java DEBUG Created connection 1418334255.
2020-11-04 14:18:46 org.apache.ibatis.logging.commons.JakartaCommonsLoggingImpl.debug(JakartaCommonsLoggingImpl.java:54) JakartaCommonsLoggingImpl.java DEBUG ==>  Preparing: select s.tuserid,f.flowername,f.price from shopcar s, flower f where s.fid = f.fid 
2020-11-04 14:18:46 org.apache.ibatis.logging.commons.JakartaCommonsLoggingImpl.debug(JakartaCommonsLoggingImpl.java:54) JakartaCommonsLoggingImpl.java DEBUG ==> Parameters: 
2020-11-04 14:18:46 org.apache.ibatis.logging.commons.JakartaCommonsLoggingImpl.debug(JakartaCommonsLoggingImpl.java:54) JakartaCommonsLoggingImpl.java DEBUG <==      Total: 1
2020-11-04 14:18:46 org.apache.ibatis.logging.commons.JakartaCommonsLoggingImpl.debug(JakartaCommonsLoggingImpl.java:54) JakartaCommonsLoggingImpl.java DEBUG Closing JDBC Connection [com.mysql.cj.jdbc.ConnectionImpl@548a102f]
2020-11-04 14:18:46 org.apache.ibatis.logging.commons.JakartaCommonsLoggingImpl.debug(JakartaCommonsLoggingImpl.java:54) JakartaCommonsLoggingImpl.java DEBUG Returned connection 1418334255 to pool.
2020-11-04 14:18:54 org.apache.ibatis.logging.commons.JakartaCommonsLoggingImpl.debug(JakartaCommonsLoggingImpl.java:54) JakartaCommonsLoggingImpl.java DEBUG Logging initialized using 'class org.apache.ibatis.logging.commons.JakartaCommonsLoggingImpl' adapter.
2020-11-04 14:18:55 org.apache.ibatis.logging.commons.JakartaCommonsLoggingImpl.debug(JakartaCommonsLoggingImpl.java:54) JakartaCommonsLoggingImpl.java DEBUG PooledDataSource forcefully closed/removed all connections.
2020-11-04 14:18:55 org.apache.ibatis.logging.commons.JakartaCommonsLoggingImpl.debug(JakartaCommonsLoggingImpl.java:54) JakartaCommonsLoggingImpl.java DEBUG PooledDataSource forcefully closed/removed all connections.
2020-11-04 14:18:55 org.apache.ibatis.logging.commons.JakartaCommonsLoggingImpl.debug(JakartaCommonsLoggingImpl.java:54) JakartaCommonsLoggingImpl.java DEBUG PooledDataSource forcefully closed/removed all connections.
2020-11-04 14:18:55 org.apache.ibatis.logging.commons.JakartaCommonsLoggingImpl.debug(JakartaCommonsLoggingImpl.java:54) JakartaCommonsLoggingImpl.java DEBUG PooledDataSource forcefully closed/removed all connections.
2020-11-04 14:18:55 org.apache.ibatis.logging.commons.JakartaCommonsLoggingImpl.debug(JakartaCommonsLoggingImpl.java:54) JakartaCommonsLoggingImpl.java DEBUG Opening JDBC Connection
2020-11-04 14:18:55 org.apache.ibatis.logging.commons.JakartaCommonsLoggingImpl.debug(JakartaCommonsLoggingImpl.java:54) JakartaCommonsLoggingImpl.java DEBUG Created connection 1418334255.
2020-11-04 14:18:55 org.apache.ibatis.logging.commons.JakartaCommonsLoggingImpl.debug(JakartaCommonsLoggingImpl.java:54) JakartaCommonsLoggingImpl.java DEBUG ==>  Preparing: select s.tuserid,f.flowername,f.price from shopcar s, flower f where s.fid = f.fid 
2020-11-04 14:18:55 org.apache.ibatis.logging.commons.JakartaCommonsLoggingImpl.debug(JakartaCommonsLoggingImpl.java:54) JakartaCommonsLoggingImpl.java DEBUG ==> Parameters: 
2020-11-04 14:18:55 org.apache.ibatis.logging.commons.JakartaCommonsLoggingImpl.debug(JakartaCommonsLoggingImpl.java:54) JakartaCommonsLoggingImpl.java DEBUG <==      Total: 1
2020-11-04 14:18:55 org.apache.ibatis.logging.commons.JakartaCommonsLoggingImpl.debug(JakartaCommonsLoggingImpl.java:54) JakartaCommonsLoggingImpl.java DEBUG Closing JDBC Connection [com.mysql.cj.jdbc.ConnectionImpl@548a102f]
2020-11-04 14:18:55 org.apache.ibatis.logging.commons.JakartaCommonsLoggingImpl.debug(JakartaCommonsLoggingImpl.java:54) JakartaCommonsLoggingImpl.java DEBUG Returned connection 1418334255 to pool.
2020-11-04 14:19:02 org.apache.ibatis.logging.commons.JakartaCommonsLoggingImpl.debug(JakartaCommonsLoggingImpl.java:54) JakartaCommonsLoggingImpl.java DEBUG Logging initialized using 'class org.apache.ibatis.logging.commons.JakartaCommonsLoggingImpl' adapter.
2020-11-04 14:19:02 org.apache.ibatis.logging.commons.JakartaCommonsLoggingImpl.debug(JakartaCommonsLoggingImpl.java:54) JakartaCommonsLoggingImpl.java DEBUG PooledDataSource forcefully closed/removed all connections.
2020-11-04 14:19:02 org.apache.ibatis.logging.commons.JakartaCommonsLoggingImpl.debug(JakartaCommonsLoggingImpl.java:54) JakartaCommonsLoggingImpl.java DEBUG PooledDataSource forcefully closed/removed all connections.
2020-11-04 14:19:02 org.apache.ibatis.logging.commons.JakartaCommonsLoggingImpl.debug(JakartaCommonsLoggingImpl.java:54) JakartaCommonsLoggingImpl.java DEBUG PooledDataSource forcefully closed/removed all connections.
2020-11-04 14:19:02 org.apache.ibatis.logging.commons.JakartaCommonsLoggingImpl.debug(JakartaCommonsLoggingImpl.java:54) JakartaCommonsLoggingImpl.java DEBUG PooledDataSource forcefully closed/removed all connections.
2020-11-04 14:19:02 org.apache.ibatis.logging.commons.JakartaCommonsLoggingImpl.debug(JakartaCommonsLoggingImpl.java:54) JakartaCommonsLoggingImpl.java DEBUG Opening JDBC Connection
2020-11-04 14:19:03 org.apache.ibatis.logging.commons.JakartaCommonsLoggingImpl.debug(JakartaCommonsLoggingImpl.java:54) JakartaCommonsLoggingImpl.java DEBUG Created connection 1418334255.
2020-11-04 14:19:03 org.apache.ibatis.logging.commons.JakartaCommonsLoggingImpl.debug(JakartaCommonsLoggingImpl.java:54) JakartaCommonsLoggingImpl.java DEBUG ==>  Preparing: select s.tuserid,f.flowername,f.price from shopcar s, flower f where s.fid = f.fid 
2020-11-04 14:19:03 org.apache.ibatis.logging.commons.JakartaCommonsLoggingImpl.debug(JakartaCommonsLoggingImpl.java:54) JakartaCommonsLoggingImpl.java DEBUG ==> Parameters: 
2020-11-04 14:19:03 org.apache.ibatis.logging.commons.JakartaCommonsLoggingImpl.debug(JakartaCommonsLoggingImpl.java:54) JakartaCommonsLoggingImpl.java DEBUG <==      Total: 1
2020-11-04 14:19:03 org.apache.ibatis.logging.commons.JakartaCommonsLoggingImpl.debug(JakartaCommonsLoggingImpl.java:54) JakartaCommonsLoggingImpl.java DEBUG Closing JDBC Connection [com.mysql.cj.jdbc.ConnectionImpl@548a102f]
2020-11-04 14:19:03 org.apache.ibatis.logging.commons.JakartaCommonsLoggingImpl.debug(JakartaCommonsLoggingImpl.java:54) JakartaCommonsLoggingImpl.java DEBUG Returned connection 1418334255 to pool.
2020-11-04 14:19:16 org.apache.ibatis.logging.commons.JakartaCommonsLoggingImpl.debug(JakartaCommonsLoggingImpl.java:54) JakartaCommonsLoggingImpl.java DEBUG Logging initialized using 'class org.apache.ibatis.logging.commons.JakartaCommonsLoggingImpl' adapter.
2020-11-04 14:19:16 org.apache.ibatis.logging.commons.JakartaCommonsLoggingImpl.debug(JakartaCommonsLoggingImpl.java:54) JakartaCommonsLoggingImpl.java DEBUG PooledDataSource forcefully closed/removed all connections.
2020-11-04 14:19:16 org.apache.ibatis.logging.commons.JakartaCommonsLoggingImpl.debug(JakartaCommonsLoggingImpl.java:54) JakartaCommonsLoggingImpl.java DEBUG PooledDataSource forcefully closed/removed all connections.
2020-11-04 14:19:16 org.apache.ibatis.logging.commons.JakartaCommonsLoggingImpl.debug(JakartaCommonsLoggingImpl.java:54) JakartaCommonsLoggingImpl.java DEBUG PooledDataSource forcefully closed/removed all connections.
2020-11-04 14:19:16 org.apache.ibatis.logging.commons.JakartaCommonsLoggingImpl.debug(JakartaCommonsLoggingImpl.java:54) JakartaCommonsLoggingImpl.java DEBUG PooledDataSource forcefully closed/removed all connections.
2020-11-04 14:19:16 org.apache.ibatis.logging.commons.JakartaCommonsLoggingImpl.debug(JakartaCommonsLoggingImpl.java:54) JakartaCommonsLoggingImpl.java DEBUG Opening JDBC Connection
2020-11-04 14:19:17 org.apache.ibatis.logging.commons.JakartaCommonsLoggingImpl.debug(JakartaCommonsLoggingImpl.java:54) JakartaCommonsLoggingImpl.java DEBUG Created connection 1418334255.
2020-11-04 14:19:17 org.apache.ibatis.logging.commons.JakartaCommonsLoggingImpl.debug(JakartaCommonsLoggingImpl.java:54) JakartaCommonsLoggingImpl.java DEBUG ==>  Preparing: select s.tuserid,f.flowername,f.price from shopcar s, flower f where s.fid = f.fid 
2020-11-04 14:19:17 org.apache.ibatis.logging.commons.JakartaCommonsLoggingImpl.debug(JakartaCommonsLoggingImpl.java:54) JakartaCommonsLoggingImpl.java DEBUG ==> Parameters: 
2020-11-04 14:19:17 org.apache.ibatis.logging.commons.JakartaCommonsLoggingImpl.debug(JakartaCommonsLoggingImpl.java:54) JakartaCommonsLoggingImpl.java DEBUG <==      Total: 1
2020-11-04 14:19:17 org.apache.ibatis.logging.commons.JakartaCommonsLoggingImpl.debug(JakartaCommonsLoggingImpl.java:54) JakartaCommonsLoggingImpl.java DEBUG Closing JDBC Connection [com.mysql.cj.jdbc.ConnectionImpl@548a102f]
2020-11-04 14:19:17 org.apache.ibatis.logging.commons.JakartaCommonsLoggingImpl.debug(JakartaCommonsLoggingImpl.java:54) JakartaCommonsLoggingImpl.java DEBUG Returned connection 1418334255 to pool.
2020-11-04 14:19:24 org.apache.ibatis.logging.commons.JakartaCommonsLoggingImpl.debug(JakartaCommonsLoggingImpl.java:54) JakartaCommonsLoggingImpl.java DEBUG Logging initialized using 'class org.apache.ibatis.logging.commons.JakartaCommonsLoggingImpl' adapter.
2020-11-04 14:19:25 org.apache.ibatis.logging.commons.JakartaCommonsLoggingImpl.debug(JakartaCommonsLoggingImpl.java:54) JakartaCommonsLoggingImpl.java DEBUG PooledDataSource forcefully closed/removed all connections.
2020-11-04 14:19:25 org.apache.ibatis.logging.commons.JakartaCommonsLoggingImpl.debug(JakartaCommonsLoggingImpl.java:54) JakartaCommonsLoggingImpl.java DEBUG PooledDataSource forcefully closed/removed all connections.
2020-11-04 14:19:25 org.apache.ibatis.logging.commons.JakartaCommonsLoggingImpl.debug(JakartaCommonsLoggingImpl.java:54) JakartaCommonsLoggingImpl.java DEBUG PooledDataSource forcefully closed/removed all connections.
2020-11-04 14:19:25 org.apache.ibatis.logging.commons.JakartaCommonsLoggingImpl.debug(JakartaCommonsLoggingImpl.java:54) JakartaCommonsLoggingImpl.java DEBUG PooledDataSource forcefully closed/removed all connections.
2020-11-04 14:19:25 org.apache.ibatis.logging.commons.JakartaCommonsLoggingImpl.debug(JakartaCommonsLoggingImpl.java:54) JakartaCommonsLoggingImpl.java DEBUG Opening JDBC Connection
2020-11-04 14:19:25 org.apache.ibatis.logging.commons.JakartaCommonsLoggingImpl.debug(JakartaCommonsLoggingImpl.java:54) JakartaCommonsLoggingImpl.java DEBUG Created connection 1418334255.
2020-11-04 14:19:25 org.apache.ibatis.logging.commons.JakartaCommonsLoggingImpl.debug(JakartaCommonsLoggingImpl.java:54) JakartaCommonsLoggingImpl.java DEBUG ==>  Preparing: select s.tuserid,f.flowername,f.price from shopcar s, flower f where s.fid = f.fid 
2020-11-04 14:19:25 org.apache.ibatis.logging.commons.JakartaCommonsLoggingImpl.debug(JakartaCommonsLoggingImpl.java:54) JakartaCommonsLoggingImpl.java DEBUG ==> Parameters: 
2020-11-04 14:19:25 org.apache.ibatis.logging.commons.JakartaCommonsLoggingImpl.debug(JakartaCommonsLoggingImpl.java:54) JakartaCommonsLoggingImpl.java DEBUG <==      Total: 1
2020-11-04 14:19:25 org.apache.ibatis.logging.commons.JakartaCommonsLoggingImpl.debug(JakartaCommonsLoggingImpl.java:54) JakartaCommonsLoggingImpl.java DEBUG Closing JDBC Connection [com.mysql.cj.jdbc.ConnectionImpl@548a102f]
2020-11-04 14:19:25 org.apache.ibatis.logging.commons.JakartaCommonsLoggingImpl.debug(JakartaCommonsLoggingImpl.java:54) JakartaCommonsLoggingImpl.java DEBUG Returned connection 1418334255 to pool.
2020-11-04 14:19:31 org.apache.ibatis.logging.commons.JakartaCommonsLoggingImpl.debug(JakartaCommonsLoggingImpl.java:54) JakartaCommonsLoggingImpl.java DEBUG Logging initialized using 'class org.apache.ibatis.logging.commons.JakartaCommonsLoggingImpl' adapter.
2020-11-04 14:19:31 org.apache.ibatis.logging.commons.JakartaCommonsLoggingImpl.debug(JakartaCommonsLoggingImpl.java:54) JakartaCommonsLoggingImpl.java DEBUG PooledDataSource forcefully closed/removed all connections.
2020-11-04 14:19:31 org.apache.ibatis.logging.commons.JakartaCommonsLoggingImpl.debug(JakartaCommonsLoggingImpl.java:54) JakartaCommonsLoggingImpl.java DEBUG PooledDataSource forcefully closed/removed all connections.
2020-11-04 14:19:31 org.apache.ibatis.logging.commons.JakartaCommonsLoggingImpl.debug(JakartaCommonsLoggingImpl.java:54) JakartaCommonsLoggingImpl.java DEBUG PooledDataSource forcefully closed/removed all connections.
2020-11-04 14:19:31 org.apache.ibatis.logging.commons.JakartaCommonsLoggingImpl.debug(JakartaCommonsLoggingImpl.java:54) JakartaCommonsLoggingImpl.java DEBUG PooledDataSource forcefully closed/removed all connections.
2020-11-04 14:19:31 org.apache.ibatis.logging.commons.JakartaCommonsLoggingImpl.debug(JakartaCommonsLoggingImpl.java:54) JakartaCommonsLoggingImpl.java DEBUG Opening JDBC Connection
2020-11-04 14:19:32 org.apache.ibatis.logging.commons.JakartaCommonsLoggingImpl.debug(JakartaCommonsLoggingImpl.java:54) JakartaCommonsLoggingImpl.java DEBUG Created connection 1418334255.
2020-11-04 14:19:32 org.apache.ibatis.logging.commons.JakartaCommonsLoggingImpl.debug(JakartaCommonsLoggingImpl.java:54) JakartaCommonsLoggingImpl.java DEBUG ==>  Preparing: select s.tuserid,f.flowername,f.price from shopcar s, flower f where s.fid = f.fid 
2020-11-04 14:19:32 org.apache.ibatis.logging.commons.JakartaCommonsLoggingImpl.debug(JakartaCommonsLoggingImpl.java:54) JakartaCommonsLoggingImpl.java DEBUG ==> Parameters: 
2020-11-04 14:19:32 org.apache.ibatis.logging.commons.JakartaCommonsLoggingImpl.debug(JakartaCommonsLoggingImpl.java:54) JakartaCommonsLoggingImpl.java DEBUG <==      Total: 1
2020-11-04 14:19:32 org.apache.ibatis.logging.commons.JakartaCommonsLoggingImpl.debug(JakartaCommonsLoggingImpl.java:54) JakartaCommonsLoggingImpl.java DEBUG Closing JDBC Connection [com.mysql.cj.jdbc.ConnectionImpl@548a102f]
2020-11-04 14:19:32 org.apache.ibatis.logging.commons.JakartaCommonsLoggingImpl.debug(JakartaCommonsLoggingImpl.java:54) JakartaCommonsLoggingImpl.java DEBUG Returned connection 1418334255 to pool.
